0 info it worked if it ends with ok
1 verbose cli [ 'C:\\Program Files\\nodejs\\\\node.exe',
1 verbose cli   'C:\\Program Files\\nodejs\\node_modules\\npm\\bin\\npm-cli.js',
1 verbose cli   'install',
1 verbose cli   '-g',
1 verbose cli   'karma-cli@0.1' ]
2 info using npm@1.4.28
3 info using node@v0.10.35
4 verbose node symlink C:\Program Files\nodejs\\node.exe
5 verbose cache add [ 'karma-cli@0.1', null ]
6 verbose cache add name=undefined spec="karma-cli@0.1" args=["karma-cli@0.1",null]
7 verbose parsed url { protocol: null,
7 verbose parsed url   slashes: null,
7 verbose parsed url   auth: null,
7 verbose parsed url   host: null,
7 verbose parsed url   port: null,
7 verbose parsed url   hostname: null,
7 verbose parsed url   hash: null,
7 verbose parsed url   search: null,
7 verbose parsed url   query: null,
7 verbose parsed url   pathname: 'karma-cli@0.1',
7 verbose parsed url   path: 'karma-cli@0.1',
7 verbose parsed url   href: 'karma-cli@0.1' }
8 verbose cache add name="karma-cli" spec="0.1" args=["karma-cli","0.1"]
9 verbose parsed url { protocol: null,
9 verbose parsed url   slashes: null,
9 verbose parsed url   auth: null,
9 verbose parsed url   host: null,
9 verbose parsed url   port: null,
9 verbose parsed url   hostname: null,
9 verbose parsed url   hash: null,
9 verbose parsed url   search: null,
9 verbose parsed url   query: null,
9 verbose parsed url   pathname: '0.1',
9 verbose parsed url   path: '0.1',
9 verbose parsed url   href: '0.1' }
10 verbose addNamed [ 'karma-cli', '0.1' ]
11 verbose addNamed [ null, '>=0.1.0-0 <0.2.0-0' ]
12 silly lockFile 289b40eb-karma-cli-0-1 karma-cli@0.1
13 verbose lock karma-cli@0.1 C:\Users\Lumardyelson\AppData\Roaming\npm-cache\289b40eb-karma-cli-0-1.lock
14 silly addNameRange { name: 'karma-cli',
14 silly addNameRange   range: '>=0.1.0-0 <0.2.0-0',
14 silly addNameRange   hasData: false }
15 verbose request where is /karma-cli
16 verbose request registry https://registry.npmjs.org/
17 verbose request id 64ebdbfbdcc2f12f
18 verbose url raw /karma-cli
19 verbose url resolving [ 'https://registry.npmjs.org/', './karma-cli' ]
20 verbose url resolved https://registry.npmjs.org/karma-cli
21 verbose request where is https://registry.npmjs.org/karma-cli
22 info trying registry request attempt 1 at 19:58:15
23 http GET https://registry.npmjs.org/karma-cli
24 http 200 https://registry.npmjs.org/karma-cli
25 silly registry.get cb [ 200,
25 silly registry.get   { date: 'Wed, 04 Feb 2015 22:58:16 GMT',
25 silly registry.get     server: 'CouchDB/1.6.1 (Erlang OTP/R14B04)',
25 silly registry.get     etag: '"9RWNYVU7XZ6MFVH2I0RVN4BC3"',
25 silly registry.get     'content-type': 'application/json',
25 silly registry.get     'cache-control': 'max-age=60',
25 silly registry.get     'content-length': '5955',
25 silly registry.get     'accept-ranges': 'bytes',
25 silly registry.get     via: '1.1 varnish',
25 silly registry.get     age: '0',
25 silly registry.get     'x-served-by': 'cache-jfk1028-JFK',
25 silly registry.get     'x-cache': 'HIT',
25 silly registry.get     'x-cache-hits': '1',
25 silly registry.get     'x-timer': 'S1423090696.503864,VS0,VE84',
25 silly registry.get     vary: 'Accept',
25 silly registry.get     'keep-alive': 'timeout=10, max=50',
25 silly registry.get     connection: 'Keep-Alive' } ]
26 silly addNameRange number 2 { name: 'karma-cli', range: '>=0.1.0-0 <0.2.0-0', hasData: true }
27 silly addNameRange versions [ 'karma-cli', [ '0.0.1', '0.0.2', '0.0.3', '0.0.4' ] ]
28 silly lockFile 289b40eb-karma-cli-0-1 karma-cli@0.1
29 silly lockFile 289b40eb-karma-cli-0-1 karma-cli@0.1
30 error notarget No compatible version found: karma-cli@'>=0.1.0-0 <0.2.0-0'
30 error notarget Valid install targets:
30 error notarget ["0.0.1","0.0.2","0.0.3","0.0.4"]
30 error notarget
30 error notarget This is most likely not a problem with npm itself.
30 error notarget In most cases you or one of your dependencies are requesting
30 error notarget a package version that doesn't exist.
31 error System Windows_NT 6.2.9200
32 error command "C:\\Program Files\\nodejs\\\\node.exe" "C:\\Program Files\\nodejs\\node_modules\\npm\\bin\\npm-cli.js" "install" "-g" "karma-cli@0.1"
33 error cwd C:\Users\Lumardyelson\Documents\ProjetosWeb\Contatooh
34 error node -v v0.10.35
35 error npm -v 1.4.28
36 error code ETARGET
37 verbose exit [ 1, true ]
